2026-01-06 09:16:07.832[1767665767832] | INFO  | main       | c.e.TradingBot.TradingBotApplication - Starting TradingBotApplication using Java 21.0.9 with PID 9861 (/home/huy/Downloads/binancebotpro-main/TradingBot-Backend/target/classes started by huy in /home/huy/Downloads/binancebotpro-main/TradingBot-Backend)
2026-01-06 09:16:07.834[1767665767834] | INFO  | main       | c.e.TradingBot.TradingBotApplication - No active profile set, falling back to 1 default profile: "default"
2026-01-06 09:16:08.292[1767665768292] | INFO  | main       | o.s.d.r.c.RepositoryConfigurationDelegate - Bootstrapping Spring Data MongoDB repositories in DEFAULT mode.
2026-01-06 09:16:08.343[1767665768343] | INFO  | main       | o.s.d.r.c.RepositoryConfigurationDelegate - Finished Spring Data repository scanning in 45 ms. Found 5 MongoDB repository interfaces.
2026-01-06 09:16:08.525[1767665768525] | INFO  | main       | c.u.j.c.EnableEncryptablePropertiesBeanFactoryPostProcessor - Post-processing PropertySource instances
2026-01-06 09:16:08.525[1767665768525] | INFO  | main       | c.u.j.EncryptablePropertySourceConverter - Skipping PropertySource configurationProperties [class org.springframework.boot.context.properties.source.ConfigurationPropertySourcesPropertySource
2026-01-06 09:16:08.526[1767665768526] | INFO  | main       | c.u.j.EncryptablePropertySourceConverter - Skipping PropertySource servletConfigInitParams [class org.springframework.core.env.PropertySource$StubPropertySource
2026-01-06 09:16:08.526[1767665768526] | INFO  | main       | c.u.j.EncryptablePropertySourceConverter - Skipping PropertySource servletContextInitParams [class org.springframework.core.env.PropertySource$StubPropertySource
2026-01-06 09:16:08.526[1767665768526] | INFO  | main       | c.u.j.EncryptablePropertySourceConverter - Converting PropertySource systemProperties [org.springframework.core.env.PropertiesPropertySource] to EncryptableMapPropertySourceWrapper
2026-01-06 09:16:08.527[1767665768527] | INFO  | main       | c.u.j.EncryptablePropertySourceConverter - Converting PropertySource systemEnvironment [org.springframework.boot.env.SystemEnvironmentPropertySourceEnvironmentPostProcessor$OriginAwareSystemEnvironmentPropertySource] to EncryptableSystemEnvironmentPropertySourceWrapper
2026-01-06 09:16:08.527[1767665768527] | INFO  | main       | c.u.j.EncryptablePropertySourceConverter - Converting PropertySource random [org.springframework.boot.env.RandomValuePropertySource] to EncryptablePropertySourceWrapper
2026-01-06 09:16:08.527[1767665768527] | INFO  | main       | c.u.j.EncryptablePropertySourceConverter - Converting PropertySource Config resource 'class path resource [application.properties]' via location 'optional:classpath:/' [org.springframework.boot.env.OriginTrackedMapPropertySource] to EncryptableMapPropertySourceWrapper
2026-01-06 09:16:08.527[1767665768527] | INFO  | main       | c.u.j.EncryptablePropertySourceConverter - Converting PropertySource applicationInfo [org.springframework.boot.ApplicationInfoPropertySource] to EncryptableMapPropertySourceWrapper
2026-01-06 09:16:08.599[1767665768599] | INFO  | main       | c.u.j.f.DefaultLazyPropertyFilter    - Property Filter custom Bean not found with name 'encryptablePropertyFilter'. Initializing Default Property Filter
2026-01-06 09:16:08.606[1767665768606] | INFO  | main       | c.u.j.r.DefaultLazyPropertyResolver  - Property Resolver custom Bean not found with name 'encryptablePropertyResolver'. Initializing Default Property Resolver
2026-01-06 09:16:08.607[1767665768607] | INFO  | main       | c.u.j.d.DefaultLazyPropertyDetector  - Property Detector custom Bean not found with name 'encryptablePropertyDetector'. Initializing Default Property Detector
2026-01-06 09:16:08.740[1767665768740] | INFO  | main       | o.s.b.w.e.tomcat.TomcatWebServer     - Tomcat initialized with port 8086 (http)
2026-01-06 09:16:08.749[1767665768749] | INFO  | main       | o.a.coyote.http11.Http11NioProtocol  - Initializing ProtocolHandler ["http-nio-8086"]
2026-01-06 09:16:08.751[1767665768751] | INFO  | main       | o.a.catalina.core.StandardService    - Starting service [Tomcat]
2026-01-06 09:16:08.751[1767665768751] | INFO  | main       | o.a.catalina.core.StandardEngine     - Starting Servlet engine: [Apache Tomcat/10.1.48]
2026-01-06 09:16:08.787[1767665768787] | INFO  | main       | o.a.c.c.C.[Tomcat].[localhost].[/]   - Initializing Spring embedded WebApplicationContext
2026-01-06 09:16:08.788[1767665768788] | INFO  | main       | o.s.b.w.s.c.ServletWebServerApplicationContext - Root WebApplicationContext: initialization completed in 919 ms
2026-01-06 09:16:08.913[1767665768913] | INFO  | main       | org.mongodb.driver.client            - MongoClient with metadata {"driver": {"name": "mongo-java-driver|sync|spring-boot", "version": "5.5.2"}, "os": {"type": "Linux", "name": "Linux", "architecture": "amd64", "version": "6.14.0-37-generic"}, "platform": "Java/Ubuntu/21.0.9+10-Ubuntu-124.04"} created with settings MongoClientSettings{readPreference=primary, writeConcern=WriteConcern{w=null, wTimeout=null ms, journal=null}, retryWrites=true, retryReads=true, readConcern=ReadConcern{level=null}, credential=null, transportSettings=null, commandListeners=[], codecRegistry=ProvidersCodecRegistry{codecProviders=[ValueCodecProvider{}, BsonValueCodecProvider{}, DBRefCodecProvider{}, DBObjectCodecProvider{}, DocumentCodecProvider{}, CollectionCodecProvider{}, IterableCodecProvider{}, MapCodecProvider{}, GeoJsonCodecProvider{}, GridFSFileCodecProvider{}, Jsr310CodecProvider{}, JsonObjectCodecProvider{}, BsonCodecProvider{}, EnumCodecProvider{}, com.mongodb.client.model.mql.ExpressionCodecProvider@629e8212, com.mongodb.Jep395RecordCodecProvider@498c535d, com.mongodb.KotlinCodecProvider@16ee9aa7]}, loggerSettings=LoggerSettings{maxDocumentLength=1000}, clusterSettings={hosts=[localhost:27017], srvServiceName=mongodb, mode=SINGLE, requiredClusterType=UNKNOWN, requiredReplicaSetName='null', serverSelector='null', clusterListeners='[]', serverSelectionTimeout='30000 ms', localThreshold='15 ms'}, socketSettings=SocketSettings{connectTimeoutMS=10000, readTimeoutMS=0, receiveBufferSize=0, proxySettings=ProxySettings{host=null, port=null, username=null, password=null}}, heartbeatSocketSettings=SocketSettings{connectTimeoutMS=10000, readTimeoutMS=10000, receiveBufferSize=0, proxySettings=ProxySettings{host=null, port=null, username=null, password=null}}, connectionPoolSettings=ConnectionPoolSettings{maxSize=100, minSize=0, maxWaitTimeMS=120000, maxConnectionLifeTimeMS=0, maxConnectionIdleTimeMS=0, maintenanceInitialDelayMS=0, maintenanceFrequencyMS=60000, connectionPoolListeners=[], maxConnecting=2}, serverSettings=ServerSettings{heartbeatFrequencyMS=10000, minHeartbeatFrequencyMS=500, serverMonitoringMode=AUTO, serverListeners='[]', serverMonitorListeners='[]'}, sslSettings=SslSettings{enabled=false, invalidHostNameAllowed=false, context=null}, applicationName='null', compressorList=[], uuidRepresentation=JAVA_LEGACY, serverApi=null, autoEncryptionSettings=null, dnsClient=null, inetAddressResolver=null, contextProvider=null, timeoutMS=null}
2026-01-06 09:16:08.928[1767665768928] | INFO  | cluster-ClusterId{value='695c7068357c458d84331e40', description='null'}-localhost:27017 | org.mongodb.driver.cluster           - Monitor thread successfully connected to server with description ServerDescription{address=localhost:27017, type=STANDALONE, cryptd=false, state=CONNECTED, ok=true, minWireVersion=0, maxWireVersion=27, maxDocumentSize=16777216, logicalSessionTimeoutMinutes=30, roundTripTimeNanos=12239676, minRoundTripTimeNanos=0}
2026-01-06 09:16:09.225[1767665769225] | INFO  | main       | o.s.s.c.a.a.c.InitializeAuthenticationProviderBeanManagerConfigurer$InitializeAuthenticationProviderManagerConfigurer - Global AuthenticationManager configured with AuthenticationProvider bean with name daoAuthenticationProvider
2026-01-06 09:16:09.280[1767665769280] | INFO  | main       | c.e.T.t.service.ExchangeInfoManager  - Đang tải thông tin Exchange (Exchange Information)...
2026-01-06 09:16:09.281[1767665769281] | INFO  | main       | c.b.c.f.client.utils.RequestHandler  - GET https://fapi.binance.com/fapi/v1/exchangeInfo
2026-01-06 09:16:09.856[1767665769856] | INFO  | main       | c.e.T.t.service.ExchangeInfoManager  - Đã tải thành công thông tin cho 582 symbols.
2026-01-06 09:16:09.986[1767665769986] | DEBUG | main       | o.s.w.s.m.m.a.RequestMappingHandlerMapping - 27 mappings in 'requestMappingHandlerMapping'
2026-01-06 09:16:10.044[1767665770044] | DEBUG | main       | o.s.w.s.h.SimpleUrlHandlerMapping    - Patterns [/webjars/**, /**] in 'resourceHandlerMapping'
2026-01-06 09:16:10.141[1767665770141] | INFO  | main       | o.s.v.b.OptionalValidatorFactoryBean - Failed to set up a Bean Validation provider: jakarta.validation.NoProviderFoundException: Unable to create a Configuration, because no Jakarta Bean Validation provider could be found. Add a provider like Hibernate Validator (RI) to your classpath.
2026-01-06 09:16:10.167[1767665770167] | DEBUG | main       | o.s.w.s.m.m.a.RequestMappingHandlerAdapter - ControllerAdvice beans: 0 @ModelAttribute, 0 @InitBinder, 1 RequestBodyAdvice, 1 ResponseBodyAdvice
2026-01-06 09:16:10.199[1767665770199] | DEBUG | main       | o.s.w.s.m.m.a.ExceptionHandlerExceptionResolver - ControllerAdvice beans: 0 @ExceptionHandler, 1 ResponseBodyAdvice
2026-01-06 09:16:10.255[1767665770255] | INFO  | main       | o.a.coyote.http11.Http11NioProtocol  - Starting ProtocolHandler ["http-nio-8086"]
2026-01-06 09:16:10.266[1767665770266] | INFO  | main       | o.s.b.w.e.tomcat.TomcatWebServer     - Tomcat started on port 8086 (http) with context path '/'
2026-01-06 09:16:10.266[1767665770266] | INFO  | main       | c.u.j.c.RefreshScopeRefreshedEventListener - Refreshing cached encryptable property sources on ServletWebServerInitializedEvent
2026-01-06 09:16:10.267[1767665770267] | INFO  | main       | c.u.j.c.CachingDelegateEncryptablePropertySource - Property Source systemProperties refreshed
2026-01-06 09:16:10.267[1767665770267] | INFO  | main       | c.u.j.c.CachingDelegateEncryptablePropertySource - Property Source systemEnvironment refreshed
2026-01-06 09:16:10.267[1767665770267] | INFO  | main       | c.u.j.c.CachingDelegateEncryptablePropertySource - Property Source random refreshed
2026-01-06 09:16:10.267[1767665770267] | INFO  | main       | c.u.j.c.CachingDelegateEncryptablePropertySource - Property Source Config resource 'class path resource [application.properties]' via location 'optional:classpath:/' refreshed
2026-01-06 09:16:10.267[1767665770267] | INFO  | main       | c.u.j.c.CachingDelegateEncryptablePropertySource - Property Source applicationInfo refreshed
2026-01-06 09:16:10.267[1767665770267] | INFO  | main       | c.u.j.EncryptablePropertySourceConverter - Skipping PropertySource configurationProperties [class org.springframework.boot.context.properties.source.ConfigurationPropertySourcesPropertySource
2026-01-06 09:16:10.267[1767665770267] | INFO  | main       | c.u.j.EncryptablePropertySourceConverter - Skipping PropertySource servletConfigInitParams [class org.springframework.core.env.PropertySource$StubPropertySource
2026-01-06 09:16:10.267[1767665770267] | INFO  | main       | c.u.j.EncryptablePropertySourceConverter - Converting PropertySource servletContextInitParams [org.springframework.web.context.support.ServletContextPropertySource] to EncryptableEnumerablePropertySourceWrapper
2026-01-06 09:16:10.275[1767665770275] | INFO  | main       | c.e.TradingBot.TradingBotApplication - Started TradingBotApplication in 2.712 seconds (process running for 3.116)
2026-01-06 09:16:59.266[1767665819266] | INFO  | http-nio-8086-exec-1 | o.a.c.c.C.[Tomcat].[localhost].[/]   - Initializing Spring DispatcherServlet 'dispatcherServlet'
2026-01-06 09:16:59.267[1767665819267] | INFO  | http-nio-8086-exec-1 | o.s.web.servlet.DispatcherServlet    - Initializing Servlet 'dispatcherServlet'
2026-01-06 09:16:59.267[1767665819267] | DEBUG | http-nio-8086-exec-1 | o.s.web.servlet.DispatcherServlet    - Detected StandardServletMultipartResolver
2026-01-06 09:16:59.267[1767665819267] | DEBUG | http-nio-8086-exec-1 | o.s.web.servlet.DispatcherServlet    - Detected AcceptHeaderLocaleResolver
2026-01-06 09:16:59.267[1767665819267] | DEBUG | http-nio-8086-exec-1 | o.s.web.servlet.DispatcherServlet    - Detected FixedThemeResolver
2026-01-06 09:16:59.268[1767665819268] | DEBUG | http-nio-8086-exec-1 | o.s.web.servlet.DispatcherServlet    - Detected org.springframework.web.servlet.view.DefaultRequestToViewNameTranslator@77e730bd
2026-01-06 09:16:59.268[1767665819268] | DEBUG | http-nio-8086-exec-1 | o.s.web.servlet.DispatcherServlet    - Detected org.springframework.web.servlet.support.SessionFlashMapManager@d3d5094
2026-01-06 09:16:59.269[1767665819269] | DEBUG | http-nio-8086-exec-1 | o.s.web.servlet.DispatcherServlet    - enableLoggingRequestDetails='false': request parameters and headers will be masked to prevent unsafe logging of potentially sensitive data
2026-01-06 09:16:59.269[1767665819269] | INFO  | http-nio-8086-exec-1 | o.s.web.servlet.DispatcherServlet    - Completed initialization in 2 ms
2026-01-06 09:16:59.293[1767665819293] | DEBUG | http-nio-8086-exec-1 | o.s.web.servlet.DispatcherServlet    - GET "/actuator/health", parameters={}
2026-01-06 09:16:59.296[1767665819296] | DEBUG | http-nio-8086-exec-1 | o.s.w.s.h.SimpleUrlHandlerMapping    - Mapped to ResourceHttpRequestHandler [classpath [META-INF/resources/], classpath [resources/], classpath [static/], classpath [public/], ServletContext [/]]
2026-01-06 09:16:59.302[1767665819302] | DEBUG | http-nio-8086-exec-1 | o.s.w.s.r.ResourceHttpRequestHandler - Resource not found
2026-01-06 09:16:59.308[1767665819308] | DEBUG | http-nio-8086-exec-1 | o.s.w.s.m.s.DefaultHandlerExceptionResolver - Resolved [org.springframework.web.servlet.resource.NoResourceFoundException: No static resource actuator/health.]
2026-01-06 09:16:59.309[1767665819309] | DEBUG | http-nio-8086-exec-1 | o.s.web.servlet.DispatcherServlet    - Completed 404 NOT_FOUND
2026-01-06 09:16:59.314[1767665819314] | DEBUG | http-nio-8086-exec-1 | o.s.web.servlet.DispatcherServlet    - "ERROR" dispatch for GET "/error", parameters={}
2026-01-06 09:16:59.316[1767665819316] | DEBUG | http-nio-8086-exec-1 | o.s.w.s.m.m.a.RequestMappingHandlerMapping - Mapped to org.springframework.boot.autoconfigure.web.servlet.error.BasicErrorController#error(HttpServletRequest)
2026-01-06 09:16:59.341[1767665819341] | DEBUG | http-nio-8086-exec-1 | o.s.w.s.m.m.a.HttpEntityMethodProcessor - Using 'application/json', given [*/*] and supported [application/json, application/*+json]
2026-01-06 09:16:59.342[1767665819342] | DEBUG | http-nio-8086-exec-1 | o.s.w.s.m.m.a.HttpEntityMethodProcessor - Writing [{timestamp=Tue Jan 06 09:16:59 ICT 2026, status=404, error=Not Found, path=/actuator/health}]
2026-01-06 09:16:59.385[1767665819385] | DEBUG | http-nio-8086-exec-1 | o.s.web.servlet.DispatcherServlet    - Exiting from "ERROR" dispatch, status 404
2026-01-06 09:17:05.932[1767665825932] | DEBUG | http-nio-8086-exec-2 | o.s.web.servlet.DispatcherServlet    - GET "/api/auth/test", parameters={}
2026-01-06 09:17:05.934[1767665825934] | DEBUG | http-nio-8086-exec-2 | o.s.w.s.h.SimpleUrlHandlerMapping    - Mapped to ResourceHttpRequestHandler [classpath [META-INF/resources/], classpath [resources/], classpath [static/], classpath [public/], ServletContext [/]]
2026-01-06 09:17:05.935[1767665825935] | DEBUG | http-nio-8086-exec-2 | o.s.w.s.r.ResourceHttpRequestHandler - Resource not found
2026-01-06 09:17:05.935[1767665825935] | DEBUG | http-nio-8086-exec-2 | o.s.w.s.m.s.DefaultHandlerExceptionResolver - Resolved [org.springframework.web.servlet.resource.NoResourceFoundException: No static resource api/auth/test.]
2026-01-06 09:17:05.936[1767665825936] | DEBUG | http-nio-8086-exec-2 | o.s.web.servlet.DispatcherServlet    - Completed 404 NOT_FOUND
2026-01-06 09:17:05.937[1767665825937] | DEBUG | http-nio-8086-exec-2 | o.s.web.servlet.DispatcherServlet    - "ERROR" dispatch for GET "/error", parameters={}
2026-01-06 09:17:05.937[1767665825937] | DEBUG | http-nio-8086-exec-2 | o.s.w.s.m.m.a.RequestMappingHandlerMapping - Mapped to org.springframework.boot.autoconfigure.web.servlet.error.BasicErrorController#error(HttpServletRequest)
2026-01-06 09:17:05.939[1767665825939] | DEBUG | http-nio-8086-exec-2 | o.s.w.s.m.m.a.HttpEntityMethodProcessor - Using 'application/json', given [*/*] and supported [application/json, application/*+json]
2026-01-06 09:17:05.940[1767665825940] | DEBUG | http-nio-8086-exec-2 | o.s.w.s.m.m.a.HttpEntityMethodProcessor - Writing [{timestamp=Tue Jan 06 09:17:05 ICT 2026, status=404, error=Not Found, path=/api/auth/test}]
2026-01-06 09:17:05.940[1767665825940] | DEBUG | http-nio-8086-exec-2 | o.s.web.servlet.DispatcherServlet    - Exiting from "ERROR" dispatch, status 404
2026-01-06 09:17:06.930[1767665826930] | DEBUG | http-nio-8086-exec-3 | o.s.web.servlet.DispatcherServlet    - POST "/api/auth/register", parameters={}
2026-01-06 09:17:06.932[1767665826932] | DEBUG | http-nio-8086-exec-3 | o.s.w.s.m.m.a.RequestMappingHandlerMapping - Mapped to com.example.TradingBot.auth.controller.AuthController#register(RegisterRequest)
2026-01-06 09:17:06.964[1767665826964] | DEBUG | http-nio-8086-exec-3 | o.s.w.s.m.m.a.RequestResponseBodyMethodProcessor - Read "application/json;charset=UTF-8" to [com.example.TradingBot.auth.dto.RegisterRequest@20bbb8d4]
2026-01-06 09:17:07.126[1767665827126] | DEBUG | http-nio-8086-exec-3 | o.s.w.s.m.m.a.HttpEntityMethodProcessor - Using 'text/plain', given [*/*] and supported [text/plain, */*, application/json, application/*+json]
2026-01-06 09:17:07.126[1767665827126] | DEBUG | http-nio-8086-exec-3 | o.s.w.s.m.m.a.HttpEntityMethodProcessor - Writing ["Đăng ký thành công"]
2026-01-06 09:17:07.127[1767665827127] | DEBUG | http-nio-8086-exec-3 | o.s.web.servlet.DispatcherServlet    - Completed 200 OK
